<?xml version="1.0" encoding="UTF-8"?>
<testsuite xmlns:xsi="http://www.w3.org/2001/XMLSchema-instance" xsi:noNamespaceSchemaLocation="https://maven.apache.org/surefire/maven-surefire-plugin/xsd/surefire-test-report.xsd" name="repository.voteImpl.VoteDataJpaTest" time="0.895" tests="6" errors="0" skipped="0" failures="0">
  <properties>
    <property name="java.specification.version" value="15"/>
    <property name="sun.jnu.encoding" value="UTF-8"/>
    <property name="java.class.path" value="/home/simonov/IdeaProjects/foodcourt/target/test-classes:/home/simonov/IdeaProjects/foodcourt/target/classes:/home/simonov/.m2/repository/org/slf4j/slf4j-api/1.7.30/slf4j-api-1.7.30.jar:/home/simonov/.m2/repository/ch/qos/logback/logback-classic/1.2.3/logback-classic-1.2.3.jar:/home/simonov/.m2/repository/ch/qos/logback/logback-core/1.2.3/logback-core-1.2.3.jar:/home/simonov/.m2/repository/org/springframework/spring-context/5.3.6/spring-context-5.3.6.jar:/home/simonov/.m2/repository/org/springframework/spring-aop/5.3.6/spring-aop-5.3.6.jar:/home/simonov/.m2/repository/org/springframework/spring-beans/5.3.6/spring-beans-5.3.6.jar:/home/simonov/.m2/repository/org/springframework/spring-core/5.3.6/spring-core-5.3.6.jar:/home/simonov/.m2/repository/org/springframework/spring-jcl/5.3.6/spring-jcl-5.3.6.jar:/home/simonov/.m2/repository/org/springframework/spring-expression/5.3.6/spring-expression-5.3.6.jar:/home/simonov/.m2/repository/org/springframework/data/spring-data-jpa/2.5.0/spring-data-jpa-2.5.0.jar:/home/simonov/.m2/repository/org/springframework/data/spring-data-commons/2.5.0/spring-data-commons-2.5.0.jar:/home/simonov/.m2/repository/org/springframework/spring-orm/5.3.6/spring-orm-5.3.6.jar:/home/simonov/.m2/repository/org/springframework/spring-jdbc/5.3.6/spring-jdbc-5.3.6.jar:/home/simonov/.m2/repository/org/springframework/spring-tx/5.3.6/spring-tx-5.3.6.jar:/home/simonov/.m2/repository/org/aspectj/aspectjrt/1.9.6/aspectjrt-1.9.6.jar:/home/simonov/.m2/repository/org/hibernate/hibernate-core/5.4.28.Final/hibernate-core-5.4.28.Final.jar:/home/simonov/.m2/repository/org/jboss/logging/jboss-logging/3.4.1.Final/jboss-logging-3.4.1.Final.jar:/home/simonov/.m2/repository/javax/persistence/javax.persistence-api/2.2/javax.persistence-api-2.2.jar:/home/simonov/.m2/repository/org/javassist/javassist/3.27.0-GA/javassist-3.27.0-GA.jar:/home/simonov/.m2/repository/net/bytebuddy/byte-buddy/1.10.17/byte-buddy-1.10.17.jar:/home/simonov/.m2/repository/antlr/antlr/2.7.7/antlr-2.7.7.jar:/home/simonov/.m2/repository/org/jboss/spec/javax/transaction/jboss-transaction-api_1.2_spec/1.1.1.Final/jboss-transaction-api_1.2_spec-1.1.1.Final.jar:/home/simonov/.m2/repository/org/jboss/jandex/2.2.3.Final/jandex-2.2.3.Final.jar:/home/simonov/.m2/repository/com/fasterxml/classmate/1.5.1/classmate-1.5.1.jar:/home/simonov/.m2/repository/javax/activation/javax.activation-api/1.2.0/javax.activation-api-1.2.0.jar:/home/simonov/.m2/repository/org/dom4j/dom4j/2.1.3/dom4j-2.1.3.jar:/home/simonov/.m2/repository/org/hibernate/common/hibernate-commons-annotations/5.1.2.Final/hibernate-commons-annotations-5.1.2.Final.jar:/home/simonov/.m2/repository/javax/xml/bind/jaxb-api/2.3.1/jaxb-api-2.3.1.jar:/home/simonov/.m2/repository/org/glassfish/jaxb/jaxb-runtime/2.3.1/jaxb-runtime-2.3.1.jar:/home/simonov/.m2/repository/org/glassfish/jaxb/txw2/2.3.1/txw2-2.3.1.jar:/home/simonov/.m2/repository/com/sun/istack/istack-commons-runtime/3.0.7/istack-commons-runtime-3.0.7.jar:/home/simonov/.m2/repository/org/jvnet/staxex/stax-ex/1.8/stax-ex-1.8.jar:/home/simonov/.m2/repository/com/sun/xml/fastinfoset/FastInfoset/1.2.15/FastInfoset-1.2.15.jar:/home/simonov/.m2/repository/org/hibernate/validator/hibernate-validator/7.0.1.Final/hibernate-validator-7.0.1.Final.jar:/home/simonov/.m2/repository/jakarta/validation/jakarta.validation-api/3.0.0/jakarta.validation-api-3.0.0.jar:/home/simonov/.m2/repository/org/glassfish/javax.el/3.0.1-b12/javax.el-3.0.1-b12.jar:/home/simonov/.m2/repository/org/hsqldb/hsqldb/2.3.4/hsqldb-2.3.4.jar:/home/simonov/.m2/repository/org/springframework/spring-webmvc/5.3.6/spring-webmvc-5.3.6.jar:/home/simonov/.m2/repository/org/springframework/spring-web/5.3.6/spring-web-5.3.6.jar:/home/simonov/.m2/repository/org/junit/jupiter/junit-jupiter-engine/5.8.0-M1/junit-jupiter-engine-5.8.0-M1.jar:/home/simonov/.m2/repository/org/apiguardian/apiguardian-api/1.1.1/apiguardian-api-1.1.1.jar:/home/simonov/.m2/repository/org/junit/platform/junit-platform-engine/1.8.0-M1/junit-platform-engine-1.8.0-M1.jar:/home/simonov/.m2/repository/org/opentest4j/opentest4j/1.2.0/opentest4j-1.2.0.jar:/home/simonov/.m2/repository/org/junit/platform/junit-platform-commons/1.8.0-M1/junit-platform-commons-1.8.0-M1.jar:/home/simonov/.m2/repository/org/junit/jupiter/junit-jupiter-api/5.8.0-M1/junit-jupiter-api-5.8.0-M1.jar:/home/simonov/.m2/repository/org/jetbrains/kotlin/kotlin-stdlib-jdk8/1.4.20/kotlin-stdlib-jdk8-1.4.20.jar:/home/simonov/.m2/repository/org/jetbrains/kotlin/kotlin-stdlib/1.4.20/kotlin-stdlib-1.4.20.jar:/home/simonov/.m2/repository/org/jetbrains/kotlin/kotlin-stdlib-common/1.4.20/kotlin-stdlib-common-1.4.20.jar:/home/simonov/.m2/repository/org/jetbrains/annotations/13.0/annotations-13.0.jar:/home/simonov/.m2/repository/org/jetbrains/kotlin/kotlin-stdlib-jdk7/1.4.20/kotlin-stdlib-jdk7-1.4.20.jar:/home/simonov/.m2/repository/org/hamcrest/hamcrest-core/2.2/hamcrest-core-2.2.jar:/home/simonov/.m2/repository/org/hamcrest/hamcrest/2.2/hamcrest-2.2.jar:/home/simonov/.m2/repository/org/assertj/assertj-core/3.19.0/assertj-core-3.19.0.jar:/home/simonov/.m2/repository/org/springframework/spring-test/5.3.6/spring-test-5.3.6.jar:"/>
    <property name="java.vm.vendor" value="Oracle Corporation"/>
    <property name="sun.arch.data.model" value="64"/>
    <property name="java.vendor.url" value="https://java.oracle.com/"/>
    <property name="os.name" value="Linux"/>
    <property name="java.vm.specification.version" value="15"/>
    <property name="sun.java.launcher" value="SUN_STANDARD"/>
    <property name="user.country" value="RU"/>
    <property name="sun.boot.library.path" value="/usr/lib/jvm/java-15-oracle/lib"/>
    <property name="sun.java.command" value="/home/simonov/IdeaProjects/foodcourt/target/surefire/surefirebooter6096956377470832053.jar /home/simonov/IdeaProjects/foodcourt/target/surefire 2021-05-15T16-19-18_057-jvmRun1 surefire13612364478586242656tmp surefire_06622891502493298341tmp"/>
    <property name="jdk.debug" value="release"/>
    <property name="surefire.test.class.path" value="/home/simonov/IdeaProjects/foodcourt/target/test-classes:/home/simonov/IdeaProjects/foodcourt/target/classes:/home/simonov/.m2/repository/org/slf4j/slf4j-api/1.7.30/slf4j-api-1.7.30.jar:/home/simonov/.m2/repository/ch/qos/logback/logback-classic/1.2.3/logback-classic-1.2.3.jar:/home/simonov/.m2/repository/ch/qos/logback/logback-core/1.2.3/logback-core-1.2.3.jar:/home/simonov/.m2/repository/org/springframework/spring-context/5.3.6/spring-context-5.3.6.jar:/home/simonov/.m2/repository/org/springframework/spring-aop/5.3.6/spring-aop-5.3.6.jar:/home/simonov/.m2/repository/org/springframework/spring-beans/5.3.6/spring-beans-5.3.6.jar:/home/simonov/.m2/repository/org/springframework/spring-core/5.3.6/spring-core-5.3.6.jar:/home/simonov/.m2/repository/org/springframework/spring-jcl/5.3.6/spring-jcl-5.3.6.jar:/home/simonov/.m2/repository/org/springframework/spring-expression/5.3.6/spring-expression-5.3.6.jar:/home/simonov/.m2/repository/org/springframework/data/spring-data-jpa/2.5.0/spring-data-jpa-2.5.0.jar:/home/simonov/.m2/repository/org/springframework/data/spring-data-commons/2.5.0/spring-data-commons-2.5.0.jar:/home/simonov/.m2/repository/org/springframework/spring-orm/5.3.6/spring-orm-5.3.6.jar:/home/simonov/.m2/repository/org/springframework/spring-jdbc/5.3.6/spring-jdbc-5.3.6.jar:/home/simonov/.m2/repository/org/springframework/spring-tx/5.3.6/spring-tx-5.3.6.jar:/home/simonov/.m2/repository/org/aspectj/aspectjrt/1.9.6/aspectjrt-1.9.6.jar:/home/simonov/.m2/repository/org/hibernate/hibernate-core/5.4.28.Final/hibernate-core-5.4.28.Final.jar:/home/simonov/.m2/repository/org/jboss/logging/jboss-logging/3.4.1.Final/jboss-logging-3.4.1.Final.jar:/home/simonov/.m2/repository/javax/persistence/javax.persistence-api/2.2/javax.persistence-api-2.2.jar:/home/simonov/.m2/repository/org/javassist/javassist/3.27.0-GA/javassist-3.27.0-GA.jar:/home/simonov/.m2/repository/net/bytebuddy/byte-buddy/1.10.17/byte-buddy-1.10.17.jar:/home/simonov/.m2/repository/antlr/antlr/2.7.7/antlr-2.7.7.jar:/home/simonov/.m2/repository/org/jboss/spec/javax/transaction/jboss-transaction-api_1.2_spec/1.1.1.Final/jboss-transaction-api_1.2_spec-1.1.1.Final.jar:/home/simonov/.m2/repository/org/jboss/jandex/2.2.3.Final/jandex-2.2.3.Final.jar:/home/simonov/.m2/repository/com/fasterxml/classmate/1.5.1/classmate-1.5.1.jar:/home/simonov/.m2/repository/javax/activation/javax.activation-api/1.2.0/javax.activation-api-1.2.0.jar:/home/simonov/.m2/repository/org/dom4j/dom4j/2.1.3/dom4j-2.1.3.jar:/home/simonov/.m2/repository/org/hibernate/common/hibernate-commons-annotations/5.1.2.Final/hibernate-commons-annotations-5.1.2.Final.jar:/home/simonov/.m2/repository/javax/xml/bind/jaxb-api/2.3.1/jaxb-api-2.3.1.jar:/home/simonov/.m2/repository/org/glassfish/jaxb/jaxb-runtime/2.3.1/jaxb-runtime-2.3.1.jar:/home/simonov/.m2/repository/org/glassfish/jaxb/txw2/2.3.1/txw2-2.3.1.jar:/home/simonov/.m2/repository/com/sun/istack/istack-commons-runtime/3.0.7/istack-commons-runtime-3.0.7.jar:/home/simonov/.m2/repository/org/jvnet/staxex/stax-ex/1.8/stax-ex-1.8.jar:/home/simonov/.m2/repository/com/sun/xml/fastinfoset/FastInfoset/1.2.15/FastInfoset-1.2.15.jar:/home/simonov/.m2/repository/org/hibernate/validator/hibernate-validator/7.0.1.Final/hibernate-validator-7.0.1.Final.jar:/home/simonov/.m2/repository/jakarta/validation/jakarta.validation-api/3.0.0/jakarta.validation-api-3.0.0.jar:/home/simonov/.m2/repository/org/glassfish/javax.el/3.0.1-b12/javax.el-3.0.1-b12.jar:/home/simonov/.m2/repository/org/hsqldb/hsqldb/2.3.4/hsqldb-2.3.4.jar:/home/simonov/.m2/repository/org/springframework/spring-webmvc/5.3.6/spring-webmvc-5.3.6.jar:/home/simonov/.m2/repository/org/springframework/spring-web/5.3.6/spring-web-5.3.6.jar:/home/simonov/.m2/repository/org/junit/jupiter/junit-jupiter-engine/5.8.0-M1/junit-jupiter-engine-5.8.0-M1.jar:/home/simonov/.m2/repository/org/apiguardian/apiguardian-api/1.1.1/apiguardian-api-1.1.1.jar:/home/simonov/.m2/repository/org/junit/platform/junit-platform-engine/1.8.0-M1/junit-platform-engine-1.8.0-M1.jar:/home/simonov/.m2/repository/org/opentest4j/opentest4j/1.2.0/opentest4j-1.2.0.jar:/home/simonov/.m2/repository/org/junit/platform/junit-platform-commons/1.8.0-M1/junit-platform-commons-1.8.0-M1.jar:/home/simonov/.m2/repository/org/junit/jupiter/junit-jupiter-api/5.8.0-M1/junit-jupiter-api-5.8.0-M1.jar:/home/simonov/.m2/repository/org/jetbrains/kotlin/kotlin-stdlib-jdk8/1.4.20/kotlin-stdlib-jdk8-1.4.20.jar:/home/simonov/.m2/repository/org/jetbrains/kotlin/kotlin-stdlib/1.4.20/kotlin-stdlib-1.4.20.jar:/home/simonov/.m2/repository/org/jetbrains/kotlin/kotlin-stdlib-common/1.4.20/kotlin-stdlib-common-1.4.20.jar:/home/simonov/.m2/repository/org/jetbrains/annotations/13.0/annotations-13.0.jar:/home/simonov/.m2/repository/org/jetbrains/kotlin/kotlin-stdlib-jdk7/1.4.20/kotlin-stdlib-jdk7-1.4.20.jar:/home/simonov/.m2/repository/org/hamcrest/hamcrest-core/2.2/hamcrest-core-2.2.jar:/home/simonov/.m2/repository/org/hamcrest/hamcrest/2.2/hamcrest-2.2.jar:/home/simonov/.m2/repository/org/assertj/assertj-core/3.19.0/assertj-core-3.19.0.jar:/home/simonov/.m2/repository/org/springframework/spring-test/5.3.6/spring-test-5.3.6.jar:"/>
    <property name="sun.cpu.endian" value="little"/>
    <property name="user.home" value="/home/simonov"/>
    <property name="user.language" value="ru"/>
    <property name="java.specification.vendor" value="Oracle Corporation"/>
    <property name="java.version.date" value="2021-01-19"/>
    <property name="java.home" value="/usr/lib/jvm/java-15-oracle"/>
    <property name="file.separator" value="/"/>
    <property name="basedir" value="/home/simonov/IdeaProjects/foodcourt"/>
    <property name="java.vm.compressedOopsMode" value="32-bit"/>
    <property name="line.separator" value="&#10;"/>
    <property name="java.vm.specification.vendor" value="Oracle Corporation"/>
    <property name="java.specification.name" value="Java Platform API Specification"/>
    <property name="surefire.real.class.path" value="/home/simonov/IdeaProjects/foodcourt/target/surefire/surefirebooter6096956377470832053.jar"/>
    <property name="sun.management.compiler" value="HotSpot 64-Bit Tiered Compilers"/>
    <property name="java.runtime.version" value="15.0.2+7-27"/>
    <property name="user.name" value="simonov"/>
    <property name="path.separator" value=":"/>
    <property name="os.version" value="5.4.0-73-generic"/>
    <property name="java.runtime.name" value="Java(TM) SE Runtime Environment"/>
    <property name="file.encoding" value="UTF-8"/>
    <property name="java.vm.name" value="Java HotSpot(TM) 64-Bit Server VM"/>
    <property name="localRepository" value="/home/simonov/.m2/repository"/>
    <property name="java.vendor.url.bug" value="https://bugreport.java.com/bugreport/"/>
    <property name="java.io.tmpdir" value="/tmp"/>
    <property name="idea.version" value="2020.3.2"/>
    <property name="java.version" value="15.0.2"/>
    <property name="user.dir" value="/home/simonov/IdeaProjects/foodcourt"/>
    <property name="os.arch" value="amd64"/>
    <property name="java.vm.specification.name" value="Java Virtual Machine Specification"/>
    <property name="java.library.path" value="/usr/java/packages/lib:/usr/lib64:/lib64:/lib:/usr/lib"/>
    <property name="java.vm.info" value="mixed mode, sharing"/>
    <property name="java.vendor" value="Oracle Corporation"/>
    <property name="java.vm.version" value="15.0.2+7-27"/>
    <property name="sun.io.unicode.encoding" value="UnicodeLittle"/>
    <property name="java.class.version" value="59.0"/>
  </properties>
  <testcase name="delete" classname="repository.voteImpl.VoteDataJpaTest" time="0.218"/>
  <testcase name="getAllByDate" classname="repository.voteImpl.VoteDataJpaTest" time="0.132"/>
  <testcase name="getVotesNumber" classname="repository.voteImpl.VoteDataJpaTest" time="0.111"/>
  <testcase name="save" classname="repository.voteImpl.VoteDataJpaTest" time="0.101"/>
  <testcase name="getByDate" classname="repository.voteImpl.VoteDataJpaTest" time="0.122"/>
  <testcase name="getAllByMealId" classname="repository.voteImpl.VoteDataJpaTest" time="0.2"/>
</testsuite>